/opt/synopsys/2016/core-synthesis-tools/auxx/gui/dv/dv_setup.tcl
/opt/synopsys/2016/core-synthesis-tools/auxx/gui/syn/snpsSynProcs.tcl
/opt/synopsys/2016/core-synthesis-tools/auxx/gui/syn/layout/pkgIndex.tcl
/opt/synopsys/2016/core-synthesis-tools/auxx/gui/common/layout/pkgIndex.tcl
/opt/synopsys/2016/core-synthesis-tools/auxx/gui/common/histogram/pkgIndex.tcl
/opt/synopsys/2016/core-synthesis-tools/auxx/gui/common/profiler/pkgIndex.tcl
/opt/synopsys/2016/core-synthesis-tools/auxx/gui/common/fanoutviewer/pkgIndex.tcl
/opt/synopsys/2016/core-synthesis-tools/auxx/gui/common/tiledview/pkgIndex.tcl
/opt/synopsys/2016/core-synthesis-tools/auxx/gui/common/tq/pkgIndex.tcl
/opt/synopsys/2016/core-synthesis-tools/auxx/gui/common/view/pkgIndex.tcl
/opt/synopsys/2016/core-synthesis-tools/auxx/gui/common/select/pkgIndex.tcl
/opt/synopsys/2016/core-synthesis-tools/auxx/gui/common/timing/pkgIndex.tcl
/opt/synopsys/2016/core-synthesis-tools/auxx/gui/common/strokes/pkgIndex.tcl
/opt/synopsys/2016/core-synthesis-tools/auxx/gui/common/highlight/pkgIndex.tcl
/opt/synopsys/2016/core-synthesis-tools/auxx/gui/common/table/pkgIndex.tcl
/opt/synopsys/2016/core-synthesis-tools/auxx/gui/common/dialogs/pkgIndex.tcl
/opt/synopsys/2016/core-synthesis-tools/auxx/gui/common/mrupalette/pkgIndex.tcl
/opt/synopsys/2016/core-synthesis-tools/auxx/gui/common/commandform/pkgIndex.tcl
/opt/synopsys/2016/core-synthesis-tools/auxx/gui/common/misc/pkgIndex.tcl
/opt/synopsys/2016/core-synthesis-tools/auxx/gui/common/tcl-dp/pkgIndex.tcl
/opt/synopsys/2016/core-synthesis-tools/auxx/gui/common/pathinspector/pkgIndex.tcl
/opt/synopsys/2016/core-synthesis-tools/auxx/gui/common/menus/pkgIndex.tcl
/opt/synopsys/2016/core-synthesis-tools/auxx/gui/common/hierarchy/pkgIndex.tcl
/opt/synopsys/2016/core-synthesis-tools/auxx/gui/common/opdlg/pkgIndex.tcl
/opt/synopsys/2016/core-synthesis-tools/auxx/gui/common/palettegroup/pkgIndex.tcl
/opt/synopsys/2016/core-synthesis-tools/auxx/gui/common/schematic/pkgIndex.tcl
/opt/synopsys/2016/core-synthesis-tools/auxx/gui/common/qtcl/pkgIndex.tcl
/opt/synopsys/2016/core-synthesis-tools/auxx/gui/common/libviewer/pkgIndex.tcl
/opt/synopsys/2016/core-synthesis-tools/auxx/gui/common/WindowFrameWork/pkgIndex.tcl
/opt/synopsys/2016/core-synthesis-tools/auxx/gui/common/regressionToolkit/pkgIndex.tcl
/opt/synopsys/2016/core-synthesis-tools/auxx/gui/common/docBrowser/pkgIndex.tcl
/opt/synopsys/2016/core-synthesis-tools/auxx/gui/common/setup/pkgIndex.tcl
/opt/synopsys/2016/core-synthesis-tools/auxx/gui/common/acg/pkgIndex.tcl
/opt/synopsys/2016/core-synthesis-tools/auxx/gui/dv/pkgIndex.tcl
/opt/synopsys/2016/core-synthesis-tools/auxx/syn/lib/pkgIndex.tcl
/opt/synopsys/2016/core-synthesis-tools/auxx/tcllib/lib/iwidgets4.1/pkgIndex.tcl
/opt/synopsys/2016/core-synthesis-tools/auxx/tcllib/snps_tcl/snpsUtils/pkgIndex.tcl
/opt/synopsys/2016/core-synthesis-tools/auxx/tcllib/snps_tcl/snpsTest/pkgIndex.tcl
/opt/synopsys/2016/core-synthesis-tools/auxx/tcllib/snps_tcl/snpsTclPro/pkgIndex.tcl
/opt/synopsys/2016/core-synthesis-tools/auxx/tcllib/snps_tcl/pkgIndex.tcl
/opt/synopsys/2016/core-synthesis-tools/auxx/tcllib/lib/tcl8.6/platform/pkgIndex.tcl
/opt/synopsys/2016/core-synthesis-tools/auxx/tcllib/lib/tcl8.6/dde/pkgIndex.tcl
/opt/synopsys/2016/core-synthesis-tools/auxx/tcllib/lib/tcl8.6/msgcat/pkgIndex.tcl
/opt/synopsys/2016/core-synthesis-tools/auxx/tcllib/lib/tcl8.6/opt/pkgIndex.tcl
/opt/synopsys/2016/core-synthesis-tools/auxx/tcllib/lib/tcl8.6/http1.0/pkgIndex.tcl
/opt/synopsys/2016/core-synthesis-tools/auxx/tcllib/lib/tcl8.6/tcltest/pkgIndex.tcl
/opt/synopsys/2016/core-synthesis-tools/auxx/tcllib/lib/tcl8.6/reg/pkgIndex.tcl
/opt/synopsys/2016/core-synthesis-tools/auxx/tcllib/lib/tcl8.6/http/pkgIndex.tcl
/opt/synopsys/2016/core-synthesis-tools/auxx/gui/common/setup/snpsCommonSetup.tcl
/opt/synopsys/2016/core-synthesis-tools/auxx/gui/common/setup/snpsCustomize.tcl
/opt/synopsys/2016/core-synthesis-tools/auxx/gui/common/setup/snpsProcheck.tcl
/opt/synopsys/2016/core-synthesis-tools/auxx/gui/common/qtcl/.synopsys_qtcl.tcl
/opt/synopsys/2016/core-synthesis-tools/auxx/gui/common/highlight/highlight.tcl
/opt/synopsys/2016/core-synthesis-tools/auxx/gui/common/misc/base.tcl
/opt/synopsys/2016/core-synthesis-tools/auxx/gui/common/misc/timing.tcl
/opt/synopsys/2016/core-synthesis-tools/auxx/gui/common/misc/setting.tcl
/opt/synopsys/2016/core-synthesis-tools/auxx/gui/common/misc/preset.tcl
/opt/synopsys/2016/core-synthesis-tools/auxx/gui/common/WindowFrameWork/windowFrameWork.tcl
/opt/synopsys/2016/core-synthesis-tools/auxx/gui/common/WindowFrameWork/skipBusyCursorCmdList.tcl
/opt/synopsys/2016/core-synthesis-tools/auxx/gui/common/docBrowser/docBrowser.tcl
/opt/synopsys/2016/core-synthesis-tools/auxx/tcllib/snps_tcl/snpsUtils/snpsUtils.tcl
/opt/synopsys/2016/core-synthesis-tools/auxx/gui/common/dialogs/ObjectChooser.tcl
/opt/synopsys/2016/core-synthesis-tools/auxx/gui/common/misc/DialogObjectChooser.tcl
/opt/synopsys/2016/core-synthesis-tools/auxx/gui/common/dialogs/HistBinInformation.tcl
/opt/synopsys/2016/core-synthesis-tools/auxx/gui/common/dialogs/HistBin1Information.tcl
/opt/synopsys/2016/core-synthesis-tools/auxx/gui/common/dialogs/BinsOnlyInformation.tcl
/opt/synopsys/2016/core-synthesis-tools/auxx/gui/common/dialogs/FileChooser.tcl
/opt/synopsys/2016/core-synthesis-tools/auxx/gui/common/dialogs/PathPinSimpleInfo.tcl
/opt/synopsys/2016/core-synthesis-tools/auxx/gui/common/dialogs/PathsBasicInfo.tcl
/opt/synopsys/2016/core-synthesis-tools/auxx/gui/common/dialogs/PathsBasicSimpleInfo.tcl
/opt/synopsys/2016/core-synthesis-tools/auxx/gui/common/dialogs/SlctOperationInfo.tcl
/opt/synopsys/2016/core-synthesis-tools/auxx/gui/common/dialogs/ObjectListInfo.tcl
/opt/synopsys/2016/core-synthesis-tools/auxx/gui/common/dialogs/FanInOutInfo.tcl
/opt/synopsys/2016/core-synthesis-tools/auxx/gui/common/dialogs/NumberOfLevelsChooser.tcl
/opt/synopsys/2016/core-synthesis-tools/auxx/gui/common/dialogs/WindowReuseInfo.tcl
/opt/synopsys/2016/core-synthesis-tools/auxx/gui/common/dialogs/ReportOutputOptionInfo.tcl
/opt/synopsys/2016/core-synthesis-tools/auxx/gui/common/setup/snpsCollections.tcl
/opt/synopsys/2016/core-synthesis-tools/auxx/gui/common/dialogs/CompileLinkDesign.tcl
/opt/synopsys/2016/core-synthesis-tools/auxx/gui/common/histogram/DialogEndpointSlack.tcl
/opt/synopsys/2016/core-synthesis-tools/auxx/gui/common/histogram/DialogPathsSlack.tcl
/opt/synopsys/2016/core-synthesis-tools/auxx/gui/common/histogram/DialogNetCapacitance.tcl
/opt/synopsys/2016/core-synthesis-tools/auxx/gui/common/schematic/DialogPathSchematicFanInOut.tcl
/opt/synopsys/2016/core-synthesis-tools/auxx/gui/common/schematic/DialogPathSchematicAddPaths.tcl
/home/DREXEL/bts37/ecec680/aes_core/trunk/rtl/verilog/timescale.v
/home/DREXEL/bts37/ecec680/aes_core/trunk/rtl/verilog/timescale.v
/home/DREXEL/bts37/ecec680/aes_core/trunk/rtl/verilog/timescale.v
/home/DREXEL/bts37/ecec680/aes_core/trunk/rtl/verilog/timescale.v
/home/DREXEL/bts37/ecec680/aes_core/trunk/rtl/verilog/aes_cipher_top.v
/home/DREXEL/bts37/ecec680/aes_core/trunk/rtl/verilog/aes_key_expand_128.v
/home/DREXEL/bts37/ecec680/aes_core/trunk/rtl/verilog/aes_rcon.v
/home/DREXEL/bts37/ecec680/aes_core/trunk/rtl/verilog/aes_sbox.v
/home/DREXEL/bts37/ecec680/aes_core/trunk/rtl/verilog/timescale.v
/mnt/class_data/ecec571-f2015/IBM_CMOS7RF_p18u/Digital_KIT/ibm_cmos7rf_std_cell_20111130/std_cell/v.20111130/synopsys/nom/PnomV180T025_STD_CELL_7RF.db
/opt/synopsys/2016/core-synthesis-tools/libraries/syn/dw_foundation.sldb
/opt/synopsys/2016/core-synthesis-tools/libraries/syn/gtech.db
/opt/synopsys/2016/core-synthesis-tools/libraries/syn/standard.sldb
/home/DREXEL/bts37/synopsys_cache_M-2016.12-SP1/DW01/DW01_dec/rpl/4/generic_5019/element.ddc
/home/DREXEL/bts37/synopsys_cache_M-2016.12-SP1/DW01/DW01_inc/rpl/4/generic_5019/element.ddc
/mnt/class_data/ecec571-f2015/IBM_CMOS7RF_p18u/Digital_KIT/ibm_cmos7rf_std_cell_20111130/std_cell/v.20111130/synopsys/nom/PnomV180T025_STD_CELL_7RF.db
/home/DREXEL/bts37/ecec680/alib-52/PnomV180T025_STD_CELL_7RF.db.alib
/mnt/class_data/ecec571-f2015/IBM_CMOS7RF_p18u/Digital_KIT/ibm_cmos7rf_std_cell_20111130/std_cell/v.20111130/synopsys/nom/PnomV180T025_STD_CELL_7RF.db
/home/DREXEL/bts37/ecec680/alib-52/PnomV180T025_STD_CELL_7RF.db.alib
/home/DREXEL/bts37/synopsys_cache_M-2016.12-SP1/DW01/DW01_NAND2/str/PnomV180T025_STD_CELL_7RF_9899/element.ddc
/mnt/class_data/ecec571-f2015/IBM_CMOS7RF_p18u/Digital_KIT/ibm_cmos7rf_std_cell_20111130/std_cell/v.20111130/synopsys/nom/PnomV180T025_STD_CELL_7RF.db
/home/DREXEL/bts37/ecec680/alib-52/PnomV180T025_STD_CELL_7RF.db.alib
/mnt/class_data/ecec571-f2015/IBM_CMOS7RF_p18u/Digital_KIT/ibm_cmos7rf_std_cell_20111130/std_cell/v.20111130/synopsys/nom/PnomV180T025_STD_CELL_7RF.db
/home/DREXEL/bts37/ecec680/alib-52/PnomV180T025_STD_CELL_7RF.db.alib
/mnt/class_data/ecec571-f2015/IBM_CMOS7RF_p18u/Digital_KIT/ibm_cmos7rf_std_cell_20111130/std_cell/v.20111130/synopsys/nom/PnomV180T025_STD_CELL_7RF.db
/home/DREXEL/bts37/ecec680/alib-52/PnomV180T025_STD_CELL_7RF.db.alib
/mnt/class_data/ecec571-f2015/IBM_CMOS7RF_p18u/Digital_KIT/ibm_cmos7rf_std_cell_20111130/std_cell/v.20111130/synopsys/nom/PnomV180T025_STD_CELL_7RF.db
/home/DREXEL/bts37/ecec680/alib-52/PnomV180T025_STD_CELL_7RF.db.alib
/mnt/class_data/ecec571-f2015/IBM_CMOS7RF_p18u/Digital_KIT/ibm_cmos7rf_std_cell_20111130/std_cell/v.20111130/synopsys/nom/PnomV180T025_STD_CELL_7RF.db
/home/DREXEL/bts37/ecec680/alib-52/PnomV180T025_STD_CELL_7RF.db.alib
/mnt/class_data/ecec571-f2015/IBM_CMOS7RF_p18u/Digital_KIT/ibm_cmos7rf_std_cell_20111130/std_cell/v.20111130/synopsys/nom/PnomV180T025_STD_CELL_7RF.db
/home/DREXEL/bts37/ecec680/alib-52/PnomV180T025_STD_CELL_7RF.db.alib
/mnt/class_data/ecec571-f2015/IBM_CMOS7RF_p18u/Digital_KIT/ibm_cmos7rf_std_cell_20111130/std_cell/v.20111130/synopsys/nom/PnomV180T025_STD_CELL_7RF.db
/home/DREXEL/bts37/ecec680/alib-52/PnomV180T025_STD_CELL_7RF.db.alib
/mnt/class_data/ecec571-f2015/IBM_CMOS7RF_p18u/Digital_KIT/ibm_cmos7rf_std_cell_20111130/std_cell/v.20111130/synopsys/nom/PnomV180T025_STD_CELL_7RF.db
